{"C:\\Users\\fabio\\Documents\\FABIO\\REPOSITORY\\React\\2025CursoReact-FernandoHerrera\\02-first-steps\\src\\FirstStepsApp.tsx": {"path":"C:\\Users\\fabio\\Documents\\FABIO\\REPOSITORY\\React\\2025CursoReact-FernandoHerrera\\02-first-steps\\src\\FirstStepsApp.tsx","statementMap":{"0":{"start":{"line":8,"column":29},"end":{"line":13,"column":null}}},"fnMap":{"0":{"name":"FirstStepsApp","decl":{"start":{"line":15,"column":16},"end":{"line":15,"column":null}},"loc":{"start":{"line":15,"column":16},"end":{"line":24,"column":null}},"line":15}},"branchMap":{},"s":{"0":1},"f":{"0":3},"b":{},"meta":{"lastBranch":0,"lastFunction":1,"lastStatement":1,"seen":{"s:8:29:13:Infinity":0,"f:15:16:15:Infinity":0}}}
,"C:\\Users\\fabio\\Documents\\FABIO\\REPOSITORY\\React\\2025CursoReact-FernandoHerrera\\02-first-steps\\src\\MyAwesomeApp.tsx": {"path":"C:\\Users\\fabio\\Documents\\FABIO\\REPOSITORY\\React\\2025CursoReact-FernandoHerrera\\02-first-steps\\src\\MyAwesomeApp.tsx","statementMap":{"0":{"start":{"line":3,"column":18},"end":{"line":3,"column":null}},"1":{"start":{"line":4,"column":17},"end":{"line":4,"column":null}},"2":{"start":{"line":5,"column":17},"end":{"line":5,"column":null}},"3":{"start":{"line":6,"column":15},"end":{"line":6,"column":null}},"4":{"start":{"line":7,"column":16},"end":{"line":10,"column":null}},"5":{"start":{"line":11,"column":37},"end":{"line":15,"column":null}}},"fnMap":{"0":{"name":"MyAwesomeApp","decl":{"start":{"line":17,"column":16},"end":{"line":17,"column":null}},"loc":{"start":{"line":17,"column":16},"end":{"line":30,"column":null}},"line":17}},"branchMap":{"0":{"loc":{"start":{"line":25,"column":11},"end":{"line":25,"column":null}},"type":"cond-expr","locations":[{"start":{"line":25,"column":20},"end":{"line":25,"column":31}},{"start":{"line":25,"column":31},"end":{"line":25,"column":null}}],"line":25}},"s":{"0":1,"1":1,"2":1,"3":1,"4":1,"5":1},"f":{"0":3},"b":{"0":[3,0]},"meta":{"lastBranch":1,"lastFunction":1,"lastStatement":6,"seen":{"s:3:18:3:Infinity":0,"s:4:17:4:Infinity":1,"s:5:17:5:Infinity":2,"s:6:15:6:Infinity":3,"s:7:16:10:Infinity":4,"s:11:37:15:Infinity":5,"f:17:16:17:Infinity":0,"b:25:20:25:31:25:31:25:Infinity":0}}}
,"C:\\Users\\fabio\\Documents\\FABIO\\REPOSITORY\\React\\2025CursoReact-FernandoHerrera\\02-first-steps\\src\\helpers\\math.helper.ts": {"path":"C:\\Users\\fabio\\Documents\\FABIO\\REPOSITORY\\React\\2025CursoReact-FernandoHerrera\\02-first-steps\\src\\helpers\\math.helper.ts","statementMap":{"0":{"start":{"line":2,"column":19},"end":{"line":2,"column":null}},"1":{"start":{"line":2,"column":43},"end":{"line":2,"column":null}},"2":{"start":{"line":3,"column":20},"end":{"line":3,"column":null}},"3":{"start":{"line":3,"column":44},"end":{"line":3,"column":null}},"4":{"start":{"line":4,"column":20},"end":{"line":4,"column":null}},"5":{"start":{"line":4,"column":44},"end":{"line":4,"column":null}},"6":{"start":{"line":5,"column":19},"end":{"line":5,"column":null}},"7":{"start":{"line":5,"column":43},"end":{"line":5,"column":null}}},"fnMap":{"0":{"name":"(anonymous_0)","decl":{"start":{"line":2,"column":19},"end":{"line":2,"column":20}},"loc":{"start":{"line":2,"column":43},"end":{"line":2,"column":null}},"line":2},"1":{"name":"(anonymous_1)","decl":{"start":{"line":3,"column":20},"end":{"line":3,"column":21}},"loc":{"start":{"line":3,"column":44},"end":{"line":3,"column":null}},"line":3},"2":{"name":"(anonymous_2)","decl":{"start":{"line":4,"column":20},"end":{"line":4,"column":21}},"loc":{"start":{"line":4,"column":44},"end":{"line":4,"column":null}},"line":4},"3":{"name":"(anonymous_3)","decl":{"start":{"line":5,"column":19},"end":{"line":5,"column":20}},"loc":{"start":{"line":5,"column":43},"end":{"line":5,"column":null}},"line":5}},"branchMap":{},"s":{"0":1,"1":1,"2":1,"3":2,"4":1,"5":2,"6":1,"7":1},"f":{"0":1,"1":2,"2":2,"3":1},"b":{},"meta":{"lastBranch":0,"lastFunction":4,"lastStatement":8,"seen":{"s:2:19:2:Infinity":0,"f:2:19:2:20":0,"s:2:43:2:Infinity":1,"s:3:20:3:Infinity":2,"f:3:20:3:21":1,"s:3:44:3:Infinity":3,"s:4:20:4:Infinity":4,"f:4:20:4:21":2,"s:4:44:4:Infinity":5,"s:5:19:5:Infinity":6,"f:5:19:5:20":3,"s:5:43:5:Infinity":7}}}
,"C:\\Users\\fabio\\Documents\\FABIO\\REPOSITORY\\React\\2025CursoReact-FernandoHerrera\\02-first-steps\\src\\shopping-cart\\ItemCounter.css": {"path":"C:\\Users\\fabio\\Documents\\FABIO\\REPOSITORY\\React\\2025CursoReact-FernandoHerrera\\02-first-steps\\src\\shopping-cart\\ItemCounter.css","statementMap":{},"fnMap":{},"branchMap":{},"s":{},"f":{},"b":{},"meta":{"lastBranch":0,"lastFunction":0,"lastStatement":0,"seen":{}}}
,"C:\\Users\\fabio\\Documents\\FABIO\\REPOSITORY\\React\\2025CursoReact-FernandoHerrera\\02-first-steps\\src\\shopping-cart\\ItemCounter.tsx": {"path":"C:\\Users\\fabio\\Documents\\FABIO\\REPOSITORY\\React\\2025CursoReact-FernandoHerrera\\02-first-steps\\src\\shopping-cart\\ItemCounter.tsx","statementMap":{"0":{"start":{"line":10,"column":27},"end":{"line":32,"column":null}},"1":{"start":{"line":11,"column":25},"end":{"line":11,"column":null}},"2":{"start":{"line":13,"column":20},"end":{"line":13,"column":null}},"3":{"start":{"line":13,"column":26},"end":{"line":13,"column":null}},"4":{"start":{"line":14,"column":25},"end":{"line":17,"column":null}},"5":{"start":{"line":15,"column":4},"end":{"line":15,"column":null}},"6":{"start":{"line":15,"column":21},"end":{"line":15,"column":null}},"7":{"start":{"line":16,"column":4},"end":{"line":16,"column":null}}},"fnMap":{"0":{"name":"(anonymous_0)","decl":{"start":{"line":10,"column":27},"end":{"line":10,"column":28}},"loc":{"start":{"line":10,"column":64},"end":{"line":32,"column":null}},"line":10},"1":{"name":"(anonymous_1)","decl":{"start":{"line":13,"column":20},"end":{"line":13,"column":26}},"loc":{"start":{"line":13,"column":26},"end":{"line":13,"column":null}},"line":13},"2":{"name":"(anonymous_2)","decl":{"start":{"line":14,"column":25},"end":{"line":14,"column":null}},"loc":{"start":{"line":14,"column":25},"end":{"line":17,"column":null}},"line":14}},"branchMap":{"0":{"loc":{"start":{"line":10,"column":43},"end":{"line":10,"column":55}},"type":"default-arg","locations":[{"start":{"line":10,"column":54},"end":{"line":10,"column":55}}],"line":10},"1":{"loc":{"start":{"line":15,"column":4},"end":{"line":15,"column":null}},"type":"if","locations":[{"start":{"line":15,"column":4},"end":{"line":15,"column":null}},{"start":{},"end":{}}],"line":15},"2":{"loc":{"start":{"line":23,"column":19},"end":{"line":23,"column":null}},"type":"cond-expr","locations":[{"start":{"line":23,"column":32},"end":{"line":23,"column":40}},{"start":{"line":23,"column":40},"end":{"line":23,"column":null}}],"line":23}},"s":{"0":1,"1":9,"2":9,"3":1,"4":9,"5":2,"6":1,"7":1},"f":{"0":9,"1":1,"2":2},"b":{"0":[9],"1":[1,1],"2":[4,5]},"meta":{"lastBranch":3,"lastFunction":3,"lastStatement":8,"seen":{"s:10:27:32:Infinity":0,"f:10:27:10:28":0,"b:10:54:10:55":0,"s:11:25:11:Infinity":1,"s:13:20:13:Infinity":2,"f:13:20:13:26":1,"s:13:26:13:Infinity":3,"s:14:25:17:Infinity":4,"f:14:25:14:Infinity":2,"b:15:4:15:Infinity:undefined:undefined:undefined:undefined":1,"s:15:4:15:Infinity":5,"s:15:21:15:Infinity":6,"s:16:4:16:Infinity":7,"b:23:32:23:40:23:40:23:Infinity":2}}}
}
